JH-235-vr-canvas/Library/Bee/Android/Prj/Mono2x/Gradle/unityLibrary/build/intermediates/manifest_merge_blame_file/release/manifest-merger-blame-release-report.txt
1<?xml version="1.0" encoding="utf-8"?>
2<!-- GENERATED BY UNITY. REMOVE THIS COMMENT TO PREVENT OVERWRITING WHEN EXPORTING AGAIN -->
3<manifest xmlns:android="http://schemas.android.com/apk/res/android"
4    xmlns:tools="http://schemas.android.com/tools"
5    package="com.unity3d.player"
6    android:versionCode="1"
7    android:versionName="1.0.2" >
8
9    <uses-sdk
10        android:minSdkVersion="29"
10-->src\main\AndroidManifest.xml
11        android:targetSdkVersion="29" />
11-->src\main\AndroidManifest.xml
12
13    <uses-feature android:glEsVersion="0x00030000" />
13-->src\main\AndroidManifest.xml:29:3-52
13-->src\main\AndroidManifest.xml:29:17-49
14    <uses-feature
14-->src\main\AndroidManifest.xml:30:3-91
15        android:name="android.hardware.vulkan.version"
15-->src\main\AndroidManifest.xml:30:17-63
16        android:required="false" />
16-->src\main\AndroidManifest.xml:30:64-88
17
18    <uses-permission android:name="android.permission.WRITE_EXTERNAL_STORAGE" />
18-->src\main\AndroidManifest.xml:31:3-79
18-->src\main\AndroidManifest.xml:31:20-76
19
20    <uses-feature
20-->src\main\AndroidManifest.xml:32:3-88
21        android:name="android.hardware.touchscreen"
21-->src\main\AndroidManifest.xml:32:17-60
22        android:required="false" />
22-->src\main\AndroidManifest.xml:32:61-85
23    <uses-feature
23-->src\main\AndroidManifest.xml:33:3-99
24        android:name="android.hardware.touchscreen.multitouch"
24-->src\main\AndroidManifest.xml:33:17-71
25        android:required="false" />
25-->src\main\AndroidManifest.xml:33:72-96
26    <uses-feature
26-->src\main\AndroidManifest.xml:34:3-108
27        android:name="android.hardware.touchscreen.multitouch.distinct"
27-->src\main\AndroidManifest.xml:34:17-80
28        android:required="false" />
28-->src\main\AndroidManifest.xml:34:81-105
29
30    <uses-permission android:name="android.permission.WRITE_SETTINGS" />
30-->src\main\AndroidManifest.xml:35:3-71
30-->src\main\AndroidManifest.xml:35:20-68
31    <uses-permission android:name="android.permission.READ_EXTERNAL_STORAGE" />
31-->src\main\AndroidManifest.xml:36:3-78
31-->src\main\AndroidManifest.xml:36:20-75
32    <uses-permission android:name="android.permission.INTERNET" />
32-->src\main\AndroidManifest.xml:37:3-65
32-->src\main\AndroidManifest.xml:37:20-62
33    <uses-permission android:name="android.permission.ACCESS_NETWORK_STATE" />
33-->src\main\AndroidManifest.xml:38:3-77
33-->src\main\AndroidManifest.xml:38:20-74
34
35    <application
35-->src\main\AndroidManifest.xml:4:3-28:17
36        android:extractNativeLibs="true"
36-->src\main\AndroidManifest.xml:4:60-92
37        android:requestLegacyExternalStorage="true" >
37-->src\main\AndroidManifest.xml:4:16-59
38        <activity
38-->src\main\AndroidManifest.xml:5:5-12:16
39            android:name="com.unity3d.player.UnityPlayerActivity"
39-->src\main\AndroidManifest.xml:5:15-68
40            android:configChanges="mcc|mnc|locale|touchscreen|keyboard|keyboardHidden|navigation|orientation|screenLayout|uiMode|screenSize|smallestScreenSize|fontScale|layoutDirection|density"
40-->src\main\AndroidManifest.xml:5:181-362
41            android:hardwareAccelerated="false"
41-->src\main\AndroidManifest.xml:5:398-433
42            android:launchMode="singleTask"
42-->src\main\AndroidManifest.xml:5:149-180
43            android:resizeableActivity="false"
43-->src\main\AndroidManifest.xml:5:363-397
44            android:screenOrientation="landscape"
44-->src\main\AndroidManifest.xml:5:111-148
45            android:theme="@style/UnityThemeSelector" >
45-->src\main\AndroidManifest.xml:5:69-110
46            <intent-filter>
46-->src\main\AndroidManifest.xml:6:7-9:23
47                <action android:name="android.intent.action.MAIN" />
47-->src\main\AndroidManifest.xml:7:9-61
47-->src\main\AndroidManifest.xml:7:17-58
48
49                <category android:name="android.intent.category.LAUNCHER" />
49-->src\main\AndroidManifest.xml:8:9-69
49-->src\main\AndroidManifest.xml:8:19-66
50            </intent-filter>
51
52            <meta-data
52-->src\main\AndroidManifest.xml:10:7-82
53                android:name="unityplayer.UnityActivity"
53-->src\main\AndroidManifest.xml:10:18-58
54                android:value="true" />
54-->src\main\AndroidManifest.xml:10:59-79
55            <meta-data
55-->src\main\AndroidManifest.xml:11:7-78
56                android:name="android.notch_support"
56-->src\main\AndroidManifest.xml:11:18-54
57                android:value="true" />
57-->src\main\AndroidManifest.xml:11:55-75
58        </activity>
59
60        <meta-data
60-->src\main\AndroidManifest.xml:13:5-69
61            android:name="unity.splash-mode"
61-->src\main\AndroidManifest.xml:13:16-48
62            android:value="0" />
62-->src\main\AndroidManifest.xml:13:49-66
63        <meta-data
63-->src\main\AndroidManifest.xml:14:5-74
64            android:name="unity.splash-enable"
64-->src\main\AndroidManifest.xml:14:16-50
65            android:value="True" />
65-->src\main\AndroidManifest.xml:14:51-71
66        <meta-data
66-->src\main\AndroidManifest.xml:15:5-78
67            android:name="unity.launch-fullscreen"
67-->src\main\AndroidManifest.xml:15:16-54
68            android:value="True" />
68-->src\main\AndroidManifest.xml:15:55-75
69        <meta-data
69-->src\main\AndroidManifest.xml:16:5-84
70            android:name="unity.allow-resizable-window"
70-->src\main\AndroidManifest.xml:16:16-59
71            android:value="False" />
71-->src\main\AndroidManifest.xml:16:60-81
72        <meta-data
72-->src\main\AndroidManifest.xml:17:5-81
73            android:name="notch.config"
73-->src\main\AndroidManifest.xml:17:16-43
74            android:value="portrait|landscape" />
74-->src\main\AndroidManifest.xml:17:44-78
75        <meta-data
75-->src\main\AndroidManifest.xml:18:5-65
76            android:name="pvr.app.type"
76-->src\main\AndroidManifest.xml:18:16-43
77            android:value="vr" />
77-->src\main\AndroidManifest.xml:18:44-62
78        <meta-data
78-->src\main\AndroidManifest.xml:19:5-85
79            android:name="pvr.sdk.version"
79-->src\main\AndroidManifest.xml:19:16-46
80            android:value="XR Platform_2.1.4.3" />
80-->src\main\AndroidManifest.xml:19:47-82
81        <meta-data
81-->src\main\AndroidManifest.xml:20:5-62
82            android:name="enable_cpt"
82-->src\main\AndroidManifest.xml:20:16-41
83            android:value="0" />
83-->src\main\AndroidManifest.xml:20:42-59
84        <meta-data
84-->src\main\AndroidManifest.xml:21:5-75
85            android:name="enable_entitlementcheck"
85-->src\main\AndroidManifest.xml:21:16-54
86            android:value="0" />
86-->src\main\AndroidManifest.xml:21:55-72
87        <meta-data
87-->src\main\AndroidManifest.xml:22:5-64
88            android:name="handtracking"
88-->src\main\AndroidManifest.xml:22:16-43
89            android:value="0" />
89-->src\main\AndroidManifest.xml:22:44-61
90        <meta-data
90-->src\main\AndroidManifest.xml:23:5-66
91            android:name="rendering_mode"
91-->src\main\AndroidManifest.xml:23:16-45
92            android:value="0" />
92-->src\main\AndroidManifest.xml:23:46-63
93        <meta-data
93-->src\main\AndroidManifest.xml:24:5-64
94            android:name="display_rate"
94-->src\main\AndroidManifest.xml:24:16-43
95            android:value="0" />
95-->src\main\AndroidManifest.xml:24:44-61
96        <meta-data
96-->src\main\AndroidManifest.xml:25:5-63
97            android:name="color_Space"
97-->src\main\AndroidManifest.xml:25:16-42
98            android:value="1" />
98-->src\main\AndroidManifest.xml:25:43-60
99        <meta-data
99-->src\main\AndroidManifest.xml:26:5-62
100            android:name="MRCsupport"
100-->src\main\AndroidManifest.xml:26:16-41
101            android:value="0" />
101-->src\main\AndroidManifest.xml:26:42-59
102        <meta-data
102-->src\main\AndroidManifest.xml:27:5-73
103            android:name="pvr.LateLatchingDebug"
103-->src\main\AndroidManifest.xml:27:16-52
104            android:value="0" />
104-->src\main\AndroidManifest.xml:27:53-70
105    </application>
106
107</manifest>